-------------------------------------------------------------------------------
Test set: com.example.Validation.Project1ApplicationTests
-------------------------------------------------------------------------------
Tests run: 1, Failures: 0, Errors: 1, Skipped: 0, Time elapsed: 0.267 s <<< FAILURE! - in com.example.Validation.Project1ApplicationTests
com.example.Validation.Project1ApplicationTests  Time elapsed: 0.266 s  <<< ERROR!
java.lang.NullPointerException: Cannot invoke "java.lang.Class.getName()" because "found" is null

